Successfully retrieved statistics for job: 3858008. 
+------------------------------------------------------------------------------+
| GPU ID: 3                                                                    |
+====================================+=========================================+
|-----  Execution Stats  ------------+-----------------------------------------|
| Start Time                         | Fri Feb 20 00:09:00 2026                |
| End Time                           | Fri Feb 20 02:33:53 2026                |
| Total Execution Time (sec)         | 8692.71                                 |
| No. of Processes                   | 2                                       |
+-----  Performance Stats  ----------+-----------------------------------------+
| Energy Consumed (Joules)           | 800825                                  |
| Power Usage (Watts)                | Avg: 223.781, Max: 255.143, Min: 115... |
| Max GPU Memory Used (bytes)        | 65020100608                             |
| SM Clock (MHz)                     | Avg: 1980, Max: 1980, Min: 1980         |
| Memory Clock (MHz)                 | Avg: 2619, Max: 2619, Min: 2619         |
| SM Utilization (%)                 | Avg: 95, Max: 99, Min: 0                |
| Memory Utilization (%)             | Avg: 16, Max: 18, Min: 0                |
| PCIe Rx Bandwidth (megabytes)      | Avg: N/A, Max: N/A, Min: N/A            |
| PCIe Tx Bandwidth (megabytes)      | Avg: N/A, Max: N/A, Min: N/A            |
+-----  Event Stats  ----------------+-----------------------------------------+
| Single Bit ECC Errors              | 0                                       |
| Double Bit ECC Errors              | 0                                       |
| PCIe Replay Warnings               | 0                                       |
| Critical XID Errors                | 0                                       |
+-----  Slowdown Stats  -------------+-----------------------------------------+
| Due to - Power (%)                 | 0                                       |
|        - Thermal (%)               | 0                                       |
|        - Reliability (%)           | Not Supported                           |
|        - Board Limit (%)           | Not Supported                           |
|        - Low Utilization (%)       | Not Supported                           |
|        - Sync Boost (%)            | 0                                       |
+--  Compute Process Utilization  ---+-----------------------------------------+
| PID                                | 1532726                                 |
|     Avg SM Utilization (%)         | 23                                      |
|     Avg Memory Utilization (%)     | 3                                       |
| PID                                | 1607851                                 |
|     Avg SM Utilization (%)         | 72                                      |
|     Avg Memory Utilization (%)     | 11                                      |
+-----  Overall Health  -------------+-----------------------------------------+
| Overall Health                     | Healthy                                 |
+------------------------------------+-----------------------------------------+

